<?xml version="1.0" encoding="UTF-8"?>
<!-- Generated by org.testng.reporters.JUnitXMLReporter -->
<testsuite ignored="0" hostname="DESKTOP-6NLN9VT" failures="0" tests="14" name="Default test" time="3.079" errors="0" timestamp="2023-01-05T12:25:08 IST">
  <testcase classname="com.bridgelabz.qa.api.Json_Server_API_Automation_Test" name="Update_Post" time="2.365"/>
  <testcase classname="com.bridgelabz.qa.api.Json_Server_API_Automation_Test" name="create_Command" time="0.082"/>
  <testcase classname="com.bridgelabz.qa.api.Json_Server_API_Automation_Test" name="create_Post" time="0.05"/>
  <testcase classname="com.bridgelabz.qa.api.Json_Server_API_Automation_Test" name="delete_Command" time="0.057"/>
  <testcase classname="com.bridgelabz.qa.api.Json_Server_API_Automation_Test" name="delete_Post" time="0.044"/>
  <testcase classname="com.bridgelabz.qa.api.Json_Server_API_Automation_Test" name="fecth_The_All_Command_In_One_Post" time="0.073"/>
  <testcase classname="com.bridgelabz.qa.api.Json_Server_API_Automation_Test" name="get_Command" time="0.042"/>
  <testcase classname="com.bridgelabz.qa.api.Json_Server_API_Automation_Test" name="get_Post" time="0.047"/>
  <testcase classname="com.bridgelabz.qa.api.Json_Server_API_Automation_Test" name="get_Profile" time="0.041"/>
  <testcase classname="com.bridgelabz.qa.api.Json_Server_API_Automation_Test" name="get_Spicific_Command" time="0.045"/>
  <testcase classname="com.bridgelabz.qa.api.Json_Server_API_Automation_Test" name="get_Spicific_Post" time="0.046"/>
  <testcase classname="com.bridgelabz.qa.api.Json_Server_API_Automation_Test" name="update_Command" time="0.029"/>
  <testcase classname="com.bridgelabz.qa.api.Json_Server_API_Automation_Test" name="update_Commands" time="0.046"/>
  <testcase classname="com.bridgelabz.qa.api.Json_Server_API_Automation_Test" name="update_Posts" time="0.028"/>
</testsuite> <!-- Default test -->
